<<<<<<< HEAD
Warning[2058] D:\Subjects\DA TKLL document\Project\TKLL\main.c 71 : call of function without prototype
Warning[2058] D:\Subjects\DA TKLL document\Project\TKLL\main.c 72 : call of function without prototype
Warning[2054] D:\Subjects\DA TKLL document\Project\TKLL\main.c 75 : suspicious pointer conversion
Warning[2058] D:\Subjects\DA TKLL document\Project\TKLL\main.c 81 : call of function without prototype
Warning[2058] D:\Subjects\DA TKLL document\Project\TKLL\main.c 82 : call of function without prototype
Warning[2058] D:\Subjects\DA TKLL document\Project\TKLL\main.c 86 : call of function without prototype
Warning[2058] D:\Subjects\DA TKLL document\Project\TKLL\main.c 87 : call of function without prototype
Warning[2058] D:\Subjects\DA TKLL document\Project\TKLL\main.c 105 : call of function without prototype
Warning[2058] D:\Subjects\DA TKLL document\Project\TKLL\main.c 115 : call of function without prototype
Warning[2058] D:\Subjects\DA TKLL document\Project\TKLL\main.c 117 : call of function without prototype
Warning[2054] D:\Subjects\DA TKLL document\Project\TKLL\main.c 189 : suspicious pointer conversion
Warning[2054] D:\Subjects\DA TKLL document\Project\TKLL\main.c 192 : suspicious pointer conversion
Warning[2054] D:\Subjects\DA TKLL document\Project\TKLL\main.c 195 : suspicious pointer conversion
Warning[2054] D:\Subjects\DA TKLL document\Project\TKLL\main.c 198 : suspicious pointer conversion
Warning[2054] D:\Subjects\DA TKLL document\Project\TKLL\main.c 201 : suspicious pointer conversion
Warning[2054] D:\Subjects\DA TKLL document\Project\TKLL\main.c 204 : suspicious pointer conversion
Warning[2054] D:\Subjects\DA TKLL document\Project\TKLL\main.c 207 : suspicious pointer conversion
Warning[2054] D:\Subjects\DA TKLL document\Project\TKLL\main.c 211 : suspicious pointer conversion
Warning[2054] D:\Subjects\DA TKLL document\Project\TKLL\main.c 216 : suspicious pointer conversion
Warning[2054] D:\Subjects\DA TKLL document\Project\TKLL\main.c 218 : suspicious pointer conversion
Warning[2054] D:\Subjects\DA TKLL document\Project\TKLL\main.c 223 : suspicious pointer conversion
Warning[2054] D:\Subjects\DA TKLL document\Project\TKLL\main.c 225 : suspicious pointer conversion
Warning[2054] D:\Subjects\DA TKLL document\Project\TKLL\main.c 232 : suspicious pointer conversion
Warning[2054] D:\Subjects\DA TKLL document\Project\TKLL\main.c 235 : suspicious pointer conversion
Warning[2054] D:\Subjects\DA TKLL document\Project\TKLL\main.c 242 : suspicious pointer conversion
Warning[2054] D:\Subjects\DA TKLL document\Project\TKLL\main.c 247 : suspicious pointer conversion
Warning[2054] D:\Subjects\DA TKLL document\Project\TKLL\main.c 250 : suspicious pointer conversion
Warning[2054] D:\Subjects\DA TKLL document\Project\TKLL\main.c 253 : suspicious pointer conversion
Warning[2054] D:\Subjects\DA TKLL document\Project\TKLL\main.c 256 : suspicious pointer conversion
Warning[2054] D:\Subjects\DA TKLL document\Project\TKLL\main.c 259 : suspicious pointer conversion
Warning[2054] D:\Subjects\DA TKLL document\Project\TKLL\main.c 262 : suspicious pointer conversion
Warning[2054] D:\Subjects\DA TKLL document\Project\TKLL\main.c 265 : suspicious pointer conversion
Warning[2054] D:\Subjects\DA TKLL document\Project\TKLL\main.c 268 : suspicious pointer conversion
Warning[2054] D:\Subjects\DA TKLL document\Project\TKLL\main.c 271 : suspicious pointer conversion
Warning[2054] D:\Subjects\DA TKLL document\Project\TKLL\main.c 274 : suspicious pointer conversion
Warning[2054] D:\Subjects\DA TKLL document\Project\TKLL\main.c 277 : suspicious pointer conversion
Warning[2054] D:\Subjects\DA TKLL document\Project\TKLL\main.c 280 : suspicious pointer conversion
Warning[2054] D:\Subjects\DA TKLL document\Project\TKLL\main.c 284 : suspicious pointer conversion
Warning[2054] D:\Subjects\DA TKLL document\Project\TKLL\main.c 286 : suspicious pointer conversion
Warning[2054] D:\Subjects\DA TKLL document\Project\TKLL\main.c 290 : suspicious pointer conversion
Warning[2054] D:\Subjects\DA TKLL document\Project\TKLL\main.c 301 : suspicious pointer conversion
Warning[2054] D:\Subjects\DA TKLL document\Project\TKLL\main.c 302 : suspicious pointer conversion
Warning[2054] D:\Subjects\DA TKLL document\Project\TKLL\main.c 304 : suspicious pointer conversion
Warning[2054] D:\Subjects\DA TKLL document\Project\TKLL\main.c 308 : suspicious pointer conversion
Warning[2054] D:\Subjects\DA TKLL document\Project\TKLL\main.c 310 : suspicious pointer conversion
Warning[2054] D:\Subjects\DA TKLL document\Project\TKLL\main.c 314 : suspicious pointer conversion
Warning[2054] D:\Subjects\DA TKLL document\Project\TKLL\main.c 317 : suspicious pointer conversion
Warning[2054] D:\Subjects\DA TKLL document\Project\TKLL\main.c 320 : suspicious pointer conversion
Warning[2054] D:\Subjects\DA TKLL document\Project\TKLL\main.c 323 : suspicious pointer conversion
Warning[2054] D:\Subjects\DA TKLL document\Project\TKLL\main.c 337 : suspicious pointer conversion
Warning[2058] D:\Subjects\DA TKLL document\Project\TKLL\main.c 361 : call of function without prototype
Warning[2054] D:\Subjects\DA TKLL document\Project\TKLL\main.c 370 : suspicious pointer conversion
Warning[2058] D:\Subjects\DA TKLL document\Project\TKLL\main.c 394 : call of function without prototype
Warning[2054] D:\Subjects\DA TKLL document\Project\TKLL\main.c 403 : suspicious pointer conversion
Warning[2058] D:\Subjects\DA TKLL document\Project\TKLL\main.c 419 : call of function without prototype
Warning[2054] D:\Subjects\DA TKLL document\Project\TKLL\main.c 428 : suspicious pointer conversion
Warning[2058] D:\Subjects\DA TKLL document\Project\TKLL\main.c 444 : call of function without prototype
Warning[2054] D:\Subjects\DA TKLL document\Project\TKLL\main.c 453 : suspicious pointer conversion
Warning[2058] D:\Subjects\DA TKLL document\Project\TKLL\main.c 469 : call of function without prototype
Warning[2054] D:\Subjects\DA TKLL document\Project\TKLL\main.c 478 : suspicious pointer conversion
Warning[2058] D:\Subjects\DA TKLL document\Project\TKLL\main.c 492 : call of function without prototype
Warning[2058] D:\Subjects\DA TKLL document\Project\TKLL\main.c 497 : call of function without prototype
Warning[2054] D:\Subjects\DA TKLL document\Project\TKLL\main.c 507 : suspicious pointer conversion
Warning[2058] D:\Subjects\DA TKLL document\Project\TKLL\main.c 510 : call of function without prototype
Warning[2058] D:\Subjects\DA TKLL document\Project\TKLL\main.c 518 : call of function without prototype
Warning[2054] D:\Subjects\DA TKLL document\Project\TKLL\main.c 539 : suspicious pointer conversion
Warning[2058] D:\Subjects\DA TKLL document\Project\TKLL\main.c 563 : call of function without prototype
Warning[2054] D:\Subjects\DA TKLL document\Project\TKLL\main.c 573 : suspicious pointer conversion
Warning[2058] D:\Subjects\DA TKLL document\Project\TKLL\main.c 597 : call of function without prototype
Warning[2054] D:\Subjects\DA TKLL document\Project\TKLL\main.c 607 : suspicious pointer conversion
Warning[2058] D:\Subjects\DA TKLL document\Project\TKLL\main.c 622 : call of function without prototype
Warning[2054] D:\Subjects\DA TKLL document\Project\TKLL\main.c 632 : suspicious pointer conversion
Warning[2058] D:\Subjects\DA TKLL document\Project\TKLL\main.c 635 : call of function without prototype
Warning[2058] D:\Subjects\DA TKLL document\Project\TKLL\main.c 641 : call of function without prototype
Warning[2058] D:\Subjects\DA TKLL document\Project\TKLL\main.c 719 : call of function without prototype
Warning[2058] D:\Subjects\DA TKLL document\Project\TKLL\main.c 727 : call of function without prototype
=======
Warning[2058] C:\Users\PC\Desktop\Digital Clock\main.c 71 : call of function without prototype
Warning[2058] C:\Users\PC\Desktop\Digital Clock\main.c 72 : call of function without prototype
Warning[2054] C:\Users\PC\Desktop\Digital Clock\main.c 75 : suspicious pointer conversion
Warning[2058] C:\Users\PC\Desktop\Digital Clock\main.c 81 : call of function without prototype
Warning[2058] C:\Users\PC\Desktop\Digital Clock\main.c 82 : call of function without prototype
Warning[2058] C:\Users\PC\Desktop\Digital Clock\main.c 86 : call of function without prototype
Warning[2058] C:\Users\PC\Desktop\Digital Clock\main.c 87 : call of function without prototype
Warning[2058] C:\Users\PC\Desktop\Digital Clock\main.c 105 : call of function without prototype
Warning[2058] C:\Users\PC\Desktop\Digital Clock\main.c 115 : call of function without prototype
Warning[2058] C:\Users\PC\Desktop\Digital Clock\main.c 117 : call of function without prototype
Warning[2054] C:\Users\PC\Desktop\Digital Clock\main.c 189 : suspicious pointer conversion
Warning[2054] C:\Users\PC\Desktop\Digital Clock\main.c 192 : suspicious pointer conversion
Warning[2054] C:\Users\PC\Desktop\Digital Clock\main.c 195 : suspicious pointer conversion
Warning[2054] C:\Users\PC\Desktop\Digital Clock\main.c 198 : suspicious pointer conversion
Warning[2054] C:\Users\PC\Desktop\Digital Clock\main.c 201 : suspicious pointer conversion
Warning[2054] C:\Users\PC\Desktop\Digital Clock\main.c 204 : suspicious pointer conversion
Warning[2054] C:\Users\PC\Desktop\Digital Clock\main.c 207 : suspicious pointer conversion
Warning[2054] C:\Users\PC\Desktop\Digital Clock\main.c 211 : suspicious pointer conversion
Warning[2054] C:\Users\PC\Desktop\Digital Clock\main.c 216 : suspicious pointer conversion
Warning[2054] C:\Users\PC\Desktop\Digital Clock\main.c 218 : suspicious pointer conversion
Warning[2054] C:\Users\PC\Desktop\Digital Clock\main.c 223 : suspicious pointer conversion
Warning[2054] C:\Users\PC\Desktop\Digital Clock\main.c 225 : suspicious pointer conversion
Warning[2054] C:\Users\PC\Desktop\Digital Clock\main.c 232 : suspicious pointer conversion
Warning[2054] C:\Users\PC\Desktop\Digital Clock\main.c 235 : suspicious pointer conversion
Warning[2054] C:\Users\PC\Desktop\Digital Clock\main.c 242 : suspicious pointer conversion
Warning[2054] C:\Users\PC\Desktop\Digital Clock\main.c 247 : suspicious pointer conversion
Warning[2054] C:\Users\PC\Desktop\Digital Clock\main.c 250 : suspicious pointer conversion
Warning[2054] C:\Users\PC\Desktop\Digital Clock\main.c 253 : suspicious pointer conversion
Warning[2054] C:\Users\PC\Desktop\Digital Clock\main.c 256 : suspicious pointer conversion
Warning[2054] C:\Users\PC\Desktop\Digital Clock\main.c 259 : suspicious pointer conversion
Warning[2054] C:\Users\PC\Desktop\Digital Clock\main.c 262 : suspicious pointer conversion
Warning[2054] C:\Users\PC\Desktop\Digital Clock\main.c 265 : suspicious pointer conversion
Warning[2054] C:\Users\PC\Desktop\Digital Clock\main.c 268 : suspicious pointer conversion
Warning[2054] C:\Users\PC\Desktop\Digital Clock\main.c 271 : suspicious pointer conversion
Warning[2054] C:\Users\PC\Desktop\Digital Clock\main.c 274 : suspicious pointer conversion
Warning[2054] C:\Users\PC\Desktop\Digital Clock\main.c 277 : suspicious pointer conversion
Warning[2054] C:\Users\PC\Desktop\Digital Clock\main.c 280 : suspicious pointer conversion
Warning[2054] C:\Users\PC\Desktop\Digital Clock\main.c 284 : suspicious pointer conversion
Warning[2054] C:\Users\PC\Desktop\Digital Clock\main.c 286 : suspicious pointer conversion
Warning[2054] C:\Users\PC\Desktop\Digital Clock\main.c 290 : suspicious pointer conversion
Warning[2054] C:\Users\PC\Desktop\Digital Clock\main.c 301 : suspicious pointer conversion
Warning[2054] C:\Users\PC\Desktop\Digital Clock\main.c 302 : suspicious pointer conversion
Warning[2054] C:\Users\PC\Desktop\Digital Clock\main.c 304 : suspicious pointer conversion
Warning[2054] C:\Users\PC\Desktop\Digital Clock\main.c 308 : suspicious pointer conversion
Warning[2054] C:\Users\PC\Desktop\Digital Clock\main.c 310 : suspicious pointer conversion
Warning[2054] C:\Users\PC\Desktop\Digital Clock\main.c 314 : suspicious pointer conversion
Warning[2054] C:\Users\PC\Desktop\Digital Clock\main.c 317 : suspicious pointer conversion
Warning[2054] C:\Users\PC\Desktop\Digital Clock\main.c 320 : suspicious pointer conversion
Warning[2054] C:\Users\PC\Desktop\Digital Clock\main.c 323 : suspicious pointer conversion
Warning[2054] C:\Users\PC\Desktop\Digital Clock\main.c 337 : suspicious pointer conversion
Warning[2058] C:\Users\PC\Desktop\Digital Clock\main.c 351 : call of function without prototype
Warning[2054] C:\Users\PC\Desktop\Digital Clock\main.c 360 : suspicious pointer conversion
Warning[2058] C:\Users\PC\Desktop\Digital Clock\main.c 374 : call of function without prototype
Warning[2054] C:\Users\PC\Desktop\Digital Clock\main.c 383 : suspicious pointer conversion
Warning[2058] C:\Users\PC\Desktop\Digital Clock\main.c 399 : call of function without prototype
Warning[2054] C:\Users\PC\Desktop\Digital Clock\main.c 408 : suspicious pointer conversion
Warning[2058] C:\Users\PC\Desktop\Digital Clock\main.c 424 : call of function without prototype
Warning[2054] C:\Users\PC\Desktop\Digital Clock\main.c 433 : suspicious pointer conversion
Warning[2058] C:\Users\PC\Desktop\Digital Clock\main.c 449 : call of function without prototype
Warning[2054] C:\Users\PC\Desktop\Digital Clock\main.c 458 : suspicious pointer conversion
Warning[2058] C:\Users\PC\Desktop\Digital Clock\main.c 472 : call of function without prototype
Warning[2058] C:\Users\PC\Desktop\Digital Clock\main.c 477 : call of function without prototype
Warning[2054] C:\Users\PC\Desktop\Digital Clock\main.c 487 : suspicious pointer conversion
Warning[2058] C:\Users\PC\Desktop\Digital Clock\main.c 490 : call of function without prototype
Warning[2058] C:\Users\PC\Desktop\Digital Clock\main.c 498 : call of function without prototype
Warning[2054] C:\Users\PC\Desktop\Digital Clock\main.c 519 : suspicious pointer conversion
Warning[2058] C:\Users\PC\Desktop\Digital Clock\main.c 533 : call of function without prototype
Warning[2054] C:\Users\PC\Desktop\Digital Clock\main.c 543 : suspicious pointer conversion
Warning[2058] C:\Users\PC\Desktop\Digital Clock\main.c 557 : call of function without prototype
Warning[2054] C:\Users\PC\Desktop\Digital Clock\main.c 567 : suspicious pointer conversion
Warning[2058] C:\Users\PC\Desktop\Digital Clock\main.c 582 : call of function without prototype
Warning[2054] C:\Users\PC\Desktop\Digital Clock\main.c 592 : suspicious pointer conversion
Warning[2058] C:\Users\PC\Desktop\Digital Clock\main.c 595 : call of function without prototype
Warning[2058] C:\Users\PC\Desktop\Digital Clock\main.c 601 : call of function without prototype
Warning[2058] C:\Users\PC\Desktop\Digital Clock\main.c 679 : call of function without prototype
Warning[2058] C:\Users\PC\Desktop\Digital Clock\main.c 687 : call of function without prototype
>>>>>>> 09240dbfd56674204e57c0ffe68daa05f934b6a5
